
> crypto-trading-ai@0.1.0 dev
> next dev --turbopack

 ⚠ Port 3000 is in use by an unknown process, using available port 3001 instead.
   ▲ Next.js 15.5.2 (Turbopack)
   - Local:        http://localhost:3001
   - Network:      http://169.254.0.21:3001

 ✓ Starting...
 ✓ Ready in 3.1s
 ○ Compiling / ...
 ✓ Compiled / in 8.3s
 GET / 200 in 9436ms
 GET / 200 in 6655ms
 ⚠ Cross origin request detected from crypto-ai-analysis-2.lindy.site to /_next/* resource. In a future major version of Next.js, you will need to explicitly configure "allowedDevOrigins" in next.config to allow this.
Read more: https://nextjs.org/docs/app/api-reference/config/next-config-js/allowedDevOrigins
 ○ Compiling /favicon.ico ...
 ✓ Compiled /favicon.ico in 779ms
 GET /favicon.ico?favicon.bf3c9292.ico 200 in 1163ms
 GET /favicon.ico?favicon.bf3c9292.ico 200 in 333ms
 GET / 200 in 356ms
 GET /favicon.ico?favicon.bf3c9292.ico 200 in 308ms
 GET /favicon.ico?favicon.bf3c9292.ico 200 in 368ms
 ○ Compiling /api/analysis/create ...
 ✓ Compiled /api/analysis/create in 630ms
Database initialized successfully
 POST /api/analysis/create 200 in 1052ms
 ○ Compiling /analysis/[sessionId]/complete ...
 ✓ Compiled /analysis/[sessionId]/complete in 1047ms
 GET /analysis/73bcf70f-1198-4fa9-a4b1-a3f7569bb948/complete 200 in 2043ms
 ○ Compiling /api/analysis/[sessionId]/[agent] ...
 ✓ Compiled /api/analysis/[sessionId]/[agent] in 2.7s
 GET /api/analysis/73bcf70f-1198-4fa9-a4b1-a3f7569bb948/researcher 200 in 5244ms
 GET /api/analysis/73bcf70f-1198-4fa9-a4b1-a3f7569bb948/researcher 200 in 384ms
 GET / 200 in 193ms
Database initialized successfully
 POST /api/analysis/create 200 in 347ms
 GET /analysis/d6e36280-6df1-4342-a49d-54f6522b66eb/complete 200 in 250ms
 GET /api/analysis/d6e36280-6df1-4342-a49d-54f6522b66eb/researcher 200 in 328ms
 GET /api/analysis/d6e36280-6df1-4342-a49d-54f6522b66eb/researcher 200 in 351ms
 ○ Compiling /settings ...
 ✓ Compiled /settings in 1035ms
 GET /settings 200 in 1141ms
 ✓ Compiled /api/settings in 295ms
Database initialized successfully
 POST /api/settings 400 in 623ms
Database initialized successfully
 POST /api/analysis/create 200 in 329ms
 GET / 200 in 156ms
Database initialized successfully
 POST /api/analysis/create 200 in 290ms
 GET /analysis/012b265a-7402-463e-b38b-6d2844079a56/complete 200 in 163ms
 GET /api/analysis/012b265a-7402-463e-b38b-6d2844079a56/researcher 200 in 302ms
 GET /api/analysis/012b265a-7402-463e-b38b-6d2844079a56/researcher 200 in 292ms
 ○ Compiling /api/analysis/[sessionId]/run-all ...
 ✓ Compiled /api/analysis/[sessionId]/run-all in 655ms
Running Researcher Agent...
Running Sentiment Agent...
Running News Agent...
Running Macro Agent...
Running Bull Agent...
Running Bear Agent...
Running Final Hedge Fund Trader Agent...
All agents completed successfully!
 POST /api/analysis/012b265a-7402-463e-b38b-6d2844079a56/run-all 200 in 42690ms
Running Researcher Agent...
Running Sentiment Agent...
Running News Agent...
Running Macro Agent...
Running Bull Agent...
Running Bear Agent...
Running Final Hedge Fund Trader Agent...
All agents completed successfully!
 POST /api/analysis/012b265a-7402-463e-b38b-6d2844079a56/run-all 200 in 48228ms
 GET /analysis/012b265a-7402-463e-b38b-6d2844079a56/complete 200 in 438ms
 GET /analysis/012b265a-7402-463e-b38b-6d2844079a56/complete 200 in 300ms
 GET /favicon.ico?favicon.bf3c9292.ico 200 in 270ms
 GET /api/analysis/012b265a-7402-463e-b38b-6d2844079a56/researcher 200 in 331ms
 GET /favicon.ico?favicon.bf3c9292.ico 200 in 276ms
 ○ Compiling /analysis/[sessionId]/[agent] ...
 ✓ Compiled /analysis/[sessionId]/[agent] in 718ms
 GET /analysis/012b265a-7402-463e-b38b-6d2844079a56/trader 200 in 1616ms
 GET /api/analysis/012b265a-7402-463e-b38b-6d2844079a56/trader 200 in 334ms
 GET /api/analysis/012b265a-7402-463e-b38b-6d2844079a56/trader 200 in 280ms
 GET /analysis/012b265a-7402-463e-b38b-6d2844079a56/complete 200 in 796ms
 GET /analysis/012b265a-7402-463e-b38b-6d2844079a56/complete 200 in 231ms
 GET /analysis/012b265a-7402-463e-b38b-6d2844079a56/complete 200 in 204ms
 GET /api/analysis/012b265a-7402-463e-b38b-6d2844079a56/researcher 200 in 493ms
 GET /api/analysis/012b265a-7402-463e-b38b-6d2844079a56/researcher 200 in 299ms
 GET /analysis/012b265a-7402-463e-b38b-6d2844079a56/sentiment 200 in 140ms
 GET /api/analysis/012b265a-7402-463e-b38b-6d2844079a56/sentiment 200 in 303ms
 GET /api/analysis/012b265a-7402-463e-b38b-6d2844079a56/sentiment 200 in 279ms
 GET /analysis/012b265a-7402-463e-b38b-6d2844079a56/complete 200 in 155ms
 GET /api/analysis/012b265a-7402-463e-b38b-6d2844079a56/researcher 200 in 342ms
 GET /api/analysis/012b265a-7402-463e-b38b-6d2844079a56/researcher 200 in 288ms
 GET / 200 in 115ms
Database initialized successfully
 POST /api/analysis/create 200 in 280ms
 GET /analysis/5e0fe123-0a02-4e54-8eba-3cd7bb827e49/complete 200 in 182ms
 GET /api/analysis/5e0fe123-0a02-4e54-8eba-3cd7bb827e49/researcher 200 in 295ms
 GET /api/analysis/5e0fe123-0a02-4e54-8eba-3cd7bb827e49/researcher 200 in 281ms
Running Researcher Agent...
Running Sentiment Agent...
Running News Agent...
Running Macro Agent...
Running Bull Agent...
Running Bear Agent...
Running Final Hedge Fund Trader Agent...
All agents completed successfully!
 POST /api/analysis/5e0fe123-0a02-4e54-8eba-3cd7bb827e49/run-all 200 in 39798ms
 GET / 200 in 328ms
 GET /favicon.ico?favicon.bf3c9292.ico 200 in 314ms
 ✓ Compiled in 1277ms
Database initialized successfully
 POST /api/analysis/create 200 in 337ms
 GET /analysis/dd54f7b0-0e62-4519-bff7-57f2ee18f4be/complete 200 in 483ms
 GET /api/analysis/dd54f7b0-0e62-4519-bff7-57f2ee18f4be/researcher 200 in 377ms
 GET /api/analysis/dd54f7b0-0e62-4519-bff7-57f2ee18f4be/researcher 200 in 301ms
 GET /settings 200 in 134ms
 GET / 200 in 153ms
